import time: self [us] | cumulative | imported package
import time:       183 |        183 | winreg
import time:       331 |        331 |   _io
import time:        47 |         47 |   marshal
import time:       239 |        239 |   nt
import time:       438 |       1054 | _frozen_importlib_external
import time:      1297 |       1297 |   time
import time:       147 |       1444 | zipimport
import time:        55 |         55 |     _codecs
import time:       344 |        399 |   codecs
import time:      1924 |       1924 |   encodings.aliases
import time:      2950 |       5272 | encodings
import time:      1925 |       1925 | encodings.utf_8
import time:      3143 |       3143 | encodings.cp1252
import time:       131 |        131 | _signal
import time:        92 |         92 |     _abc
import time:       314 |        405 |   abc
import time:       334 |        738 | io
import time:       135 |        135 |       _stat
import time:       142 |        276 |     stat
import time:      1643 |       1643 |     _collections_abc
import time:        97 |         97 |       genericpath
import time:       239 |        239 |       _winapi
import time:       209 |        545 |     ntpath
import time:       621 |       3084 |   os
import time:       184 |        184 |   _sitebuiltins
import time:      2629 |       2629 |   encodings.utf_8_sig
import time:      2528 |       2528 |     pywin32_system32
import time:      9046 |      11573 |   pywin32_bootstrap
import time:      2574 |       2574 |     __future__
import time:      3170 |       3170 |         warnings
import time:      2411 |       5580 |       importlib
import time:       212 |       5791 |     importlib.machinery
import time:      3029 |       3029 |       importlib._abc
import time:      2655 |       2655 |       types
import time:       382 |       6065 |     importlib.util
import time:       624 |        624 |     itertools
import time:      1640 |       1640 |           posix
import time:       271 |       1910 |         posixpath
import time:       251 |        251 |               _operator
import time:      3152 |       3403 |             operator
import time:      2580 |       2580 |                 keyword
import time:      2244 |       2244 |                 reprlib
import time:       199 |        199 |                 _collections
import time:      4402 |       9424 |               collections
import time:       134 |        134 |               _functools
import time:      3629 |      13186 |             functools
import time:      5193 |      21781 |           enum
import time:       202 |        202 |             _sre
import time:      2209 |       2209 |               re._constants
import time:      2921 |       5130 |             re._parser
import time:      1995 |       1995 |             re._casefix
import time:      3475 |      10800 |           re._compiler
import time:      1840 |       1840 |           copyreg
import time:      3599 |      38019 |         re
import time:      3085 |      43014 |       fnmatch
import time:       123 |        123 |       errno
import time:      2027 |       2027 |         urllib
import time:       142 |        142 |         math
import time:      3069 |       3069 |         ipaddress
import time:      4822 |      10058 |       urllib.parse
import time:      3900 |      57093 |     pathlib
import time:      6467 |      78612 |   __editable___duckrun_0_3_17_dev2_finder
import time:      2181 |       2181 |   _distutils_hack
import time:       732 |        732 |   sitecustomize
import time:       521 |        521 |   usercustomize
import time:      8423 |     107935 | site
import time:      2300 |       2300 |       collections.abc
import time:      2144 |       2144 |       contextlib
import time:       139 |        139 |       _typing
import time:      7152 |      11732 |     typing
import time:       245 |        245 |           _datetime
import time:      2697 |       2941 |         datetime
import time:     30786 |      33727 |       _duckdb
import time:      2017 |       2017 |         duckdb.sqltypes
import time:     24232 |      26249 |       duckdb._dbapi_type_object
import time:        99 |         99 |             _csv
import time:      1412 |       1511 |           csv
import time:      1134 |       1134 |           email
import time:        93 |         93 |             binascii
import time:       102 |        102 |               zlib
import time:      1055 |       1055 |                 _compression
import time:      1100 |       1100 |                 _bz2
import time:      1145 |       3299 |               bz2
import time:      1035 |       1035 |                 _lzma
import time:      1122 |       2157 |               lzma
import time:      1637 |       7193 |             shutil
import time:       166 |        166 |               _struct
import time:      1073 |       1238 |             struct
import time:      1058 |       1058 |               _weakrefset
import time:      1480 |       2537 |             threading
import time:      1057 |       1057 |               zipfile._path.glob
import time:      1440 |       2497 |             zipfile._path
import time:      1995 |      15551 |           zipfile
import time:      1697 |       1697 |           textwrap
import time:        91 |         91 |               _ast
import time:      2089 |       2180 |             ast
import time:        44 |         44 |                 _opcode
import time:      1165 |       1209 |               opcode
import time:      1570 |       2779 |             dis
import time:       985 |        985 |                 token
import time:        46 |         46 |                 _tokenize
import time:      1759 |       2789 |               tokenize
import time:       999 |       3787 |             linecache
import time:      1258 |       1258 |             weakref
import time:      2925 |      12928 |           inspect
import time:      1007 |       1007 |               quopri
import time:        56 |         56 |                     _bisect
import time:      2049 |       2104 |                   bisect
import time:        47 |         47 |                   _random
import time:        46 |         46 |                   _sha2
import time:      1202 |       3398 |                 random
import time:      2212 |       2212 |                   _socket
import time:      1029 |       1029 |                     select
import time:      1519 |       2548 |                   selectors
import time:      2133 |       6892 |                 socket
import time:        70 |         70 |                       _locale
import time:      1687 |       1756 |                     locale
import time:      1717 |       3473 |                   calendar
import time:      1112 |       4585 |                 email._parseaddr
import time:      1180 |       1180 |                     base64
import time:       931 |       2111 |                   email.base64mime
import time:        47 |         47 |                       _string
import time:      1466 |       1512 |                     string
import time:      1042 |       2553 |                   email.quoprimime
import time:      1342 |       1342 |                   email.errors
import time:      1012 |       1012 |                   email.encoders
import time:      1144 |       8161 |                 email.charset
import time:      1166 |      24200 |               email.utils
import time:      1430 |       1430 |                 email.header
import time:      1170 |       2600 |               email._policybase
import time:      1130 |       1130 |               email._encoded_words
import time:       907 |        907 |               email.iterators
import time:      1501 |      31341 |             email.message
import time:       818 |        818 |               importlib.metadata._functools
import time:       929 |       1746 |             importlib.metadata._text
import time:      1353 |      34440 |           importlib.metadata._adapters
import time:      1227 |       1227 |           importlib.metadata._meta
import time:      1104 |       1104 |           importlib.metadata._collections
import time:       929 |        929 |           importlib.metadata._itertools
import time:      1371 |       1371 |                 tempfile
import time:      1368 |       1368 |                 importlib.resources.abc
import time:      1650 |       1650 |                 importlib.resources._adapters
import time:      1346 |       5733 |               importlib.resources._common
import time:      1095 |       1095 |               importlib.resources._legacy
import time:       947 |       7775 |             importlib.resources
import time:      1272 |       9046 |           importlib.abc
import time:      2320 |      81882 |         importlib.metadata
import time:      1244 |       1244 |           email.feedparser
import time:      1187 |       2431 |         email.parser
import time:      5388 |      89700 |       duckdb._version
import time:       936 |        936 |         duckdb.value
import time:      1487 |       2423 |       duckdb.value.constant
import time:      4682 |     156779 |     duckdb
import time:      1208 |       1208 |           pkgutil
import time:      2880 |       4087 |         dbt
import time:      2784 |       6871 |       dbt.adapters
import time:      2067 |       2067 |               dbt_common
import time:       724 |        724 |                             dbtlabs
import time:       456 |       1179 |                           dbtlabs.proto
import time:       442 |       1621 |                         dbtlabs.proto.public
import time:       434 |       2054 |                       dbtlabs.proto.public.v1
import time:       455 |       2509 |                     dbtlabs.proto.public.v1.fields
import time:      1052 |       1052 |                       google
import time:      2194 |       3245 |                     google.protobuf
import time:      1304 |       1304 |                       google.protobuf.internal
import time:       156 |        156 |                         google.protobuf.internal._api_implementation
import time:      1200 |       1200 |                         google.protobuf.message
import time:      1003 |       1003 |                         google.protobuf.internal.enum_type_wrapper
import time:       112 |        112 |                         google.protobuf.enable_deterministic_proto_serialization
import time:      3449 |       5918 |                       google.protobuf.internal.api_implementation
import time:      2306 |       9527 |                     google.protobuf.descriptor
import time:      1041 |       1041 |                       google.protobuf.descriptor_database
import time:      1064 |       1064 |                       google.protobuf.text_encoding
import time:       946 |        946 |                       google.protobuf.internal.python_edition_defaults
import time:       971 |        971 |                           encodings.raw_unicode_escape
import time:       941 |        941 |                           encodings.unicode_escape
import time:      2992 |       2992 |                             numbers
import time:      2034 |       2034 |                               copy
import time:      1557 |       1557 |                                 _compat_pickle
import time:       132 |        132 |                                 _pickle
import time:      3105 |       4793 |                               pickle
import time:      2501 |       9327 |                             google.protobuf.internal.containers
import time:      1104 |       1104 |                               google.protobuf.internal.wire_format
import time:      1332 |       2436 |                             google.protobuf.internal.encoder
import time:      1088 |      15842 |                           google.protobuf.internal.decoder
import time:      1330 |       1330 |                           google.protobuf.internal.type_checkers
import time:      1094 |       1094 |                           google.protobuf.unknown_fields
import time:      2183 |      22357 |                         google.protobuf.text_format
import time:      1020 |       1020 |                         google.protobuf.internal.extension_dict
import time:       949 |        949 |                         google.protobuf.internal.message_listener
import time:       945 |        945 |                           google.protobuf.internal.field_mask
import time:      1202 |       2146 |                         google.protobuf.internal.well_known_types
import time:      1407 |      27879 |                       google.protobuf.internal.python_message
import time:      1349 |      32276 |                     google.protobuf.descriptor_pool
import time:      1162 |       1162 |                         google.protobuf.pyext
import time:      1118 |       1118 |                         google.protobuf.pyext.cpp_message
import time:      1794 |       4073 |                       google.protobuf.message_factory
import time:      1090 |       5163 |                     google.protobuf.symbol_database
import time:       839 |        839 |                       google.protobuf.reflection
import time:       910 |       1748 |                     google.protobuf.internal.builder
import time:       987 |        987 |                       google.protobuf.runtime_version
import time:      1007 |       1994 |                     google.protobuf.timestamp_pb2
import time:      2378 |      58837 |                   dbtlabs.proto.public.v1.fields.common_types_pb2
import time:       916 |      59753 |                 dbt_common.events.types_pb2
import time:        77 |         77 |                         _json
import time:      1148 |       1224 |                       json.scanner
import time:      1314 |       2538 |                     json.decoder
import time:      1172 |       1172 |                     json.encoder
import time:      1172 |       4881 |                   json
import time:      1635 |       6515 |                 google.protobuf.json_format
import time:       983 |        983 |                 dbt_common.events.helpers
import time:      1024 |       1024 |                     _uuid
import time:      1282 |       2305 |                   uuid
import time:      1105 |       3410 |                 dbt_common.invocation
import time:      1584 |      72243 |               dbt_common.events.base_types
import time:      1539 |       1539 |                   traceback
import time:        68 |         68 |                       atexit
import time:      2840 |       2907 |                     logging
import time:      1479 |       1479 |                     dataclasses
import time:        86 |         86 |                           _heapq
import time:      1517 |       1603 |                         heapq
import time:      1396 |       1396 |                         _queue
import time:      1181 |       4180 |                       queue
import time:      1725 |       5904 |                     logging.handlers
import time:      1899 |       1899 |                           colorama.ansi
import time:        74 |         74 |                             msvcrt
import time:      3785 |       3785 |                                 _ctypes
import time:      2596 |       2596 |                                 ctypes._endian
import time:      3454 |       9834 |                               ctypes
import time:      1532 |       1532 |                               ctypes.wintypes
import time:      1446 |      12810 |                             colorama.win32
import time:      1302 |      14186 |                           colorama.winterm
import time:      1659 |      17744 |                         colorama.ansitowin32
import time:      1369 |      19112 |                       colorama.initialise
import time:      2342 |      21453 |                     colorama
import time:       945 |        945 |                       dbt_common.ui
import time:      1032 |       1032 |                       dbt_common.events.interfaces
import time:      1060 |       3036 |                     dbt_common.events.format
import time:      1637 |       1637 |                             _decimal
import time:      1076 |       2713 |                           decimal
import time:      3059 |       3059 |                             _hashlib
import time:        97 |         97 |                             _blake2
import time:      1321 |       4476 |                           hashlib
import time:      1428 |       1428 |                             jinja2.bccache
import time:      1717 |       1717 |                                 markupsafe._speedups
import time:      2153 |       3870 |                               markupsafe
import time:      3567 |       3567 |                                 jinja2.utils
import time:      3966 |       7533 |                               jinja2.nodes
import time:      1288 |       1288 |                                 jinja2.exceptions
import time:       915 |        915 |                                   jinja2.visitor
import time:      1240 |       2155 |                                 jinja2.idtracking
import time:       906 |        906 |                                 jinja2.optimizer
import time:      2346 |       6693 |                               jinja2.compiler
import time:      2005 |       2005 |                                   jinja2.async_utils
import time:      2951 |       2951 |                                   jinja2.runtime
import time:      2202 |       7157 |                                 jinja2.filters
import time:      1104 |       1104 |                                 jinja2.tests
import time:      1013 |       9273 |                               jinja2.defaults
import time:      1721 |       1721 |                                 jinja2._identifier
import time:      2929 |       4650 |                               jinja2.lexer
import time:      1462 |       1462 |                               jinja2.parser
import time:      3026 |      36505 |                             jinja2.environment
import time:      1431 |       1431 |                             jinja2.loaders
import time:      1662 |      41025 |                           jinja2
import time:       579 |        579 |                           cdecimal
import time:      1140 |      49931 |                         dbt_common.utils.encoding
import time:      1037 |       1037 |                         dbt_common.utils.casting
import time:       822 |        822 |                               dbt_common.constants
import time:      1213 |       1213 |                                       pprint
import time:      3597 |       3597 |                                                 _wmi
import time:      1845 |       5441 |                                               platform
import time:      1460 |       6901 |                                             attr._compat
import time:      1506 |       1506 |                                               unicodedata
import time:      1630 |       1630 |                                               attr._config
import time:      1927 |       1927 |                                                 attr.exceptions
import time:      2579 |       4506 |                                               attr.setters
import time:     10558 |      18200 |                                             attr._make
import time:      2424 |      27524 |                                           attr.converters
import time:      2866 |       2866 |                                           attr.filters
import time:      6192 |       6192 |                                           attr.validators
import time:      1324 |       1324 |                                           attr._cmp
import time:      1129 |       1129 |                                           attr._funcs
import time:      1041 |       1041 |                                           attr._next_gen
import time:      1530 |       1530 |                                           attr._version_info
import time:      3048 |      44651 |                                         attr
import time:      1275 |       1275 |                                         attrs.converters
import time:      1055 |       1055 |                                         attrs.exceptions
import time:       914 |        914 |                                         attrs.filters
import time:       986 |        986 |                                         attrs.setters
import time:       885 |        885 |                                         attrs.validators
import time:      1867 |      51631 |                                       attrs
import time:      1488 |       1488 |                                               rpds.rpds
import time:      1480 |       2968 |                                             rpds
import time:      3278 |       3278 |                                             typing_extensions
import time:      1060 |       1060 |                                               referencing._attrs
import time:      4286 |       5346 |                                             referencing.exceptions
import time:      1526 |       1526 |                                             referencing.typing
import time:      6090 |      19206 |                                           referencing._core
import time:      1533 |      20738 |                                         referencing
import time:        63 |      20800 |                                       referencing.exceptions
import time:      2097 |       2097 |                                       jsonschema._utils
import time:      2012 |      77751 |                                     jsonschema.exceptions
import time:       967 |        967 |                                     fqdn
import time:      1930 |       1930 |                                         idna.idnadata
import time:      1847 |       1847 |                                         idna.intranges
import time:      2693 |       6469 |                                       idna.core
import time:      2188 |       2188 |                                       idna.package_data
import time:      2554 |      11210 |                                     idna
import time:      1615 |       1615 |                                     rfc3987
import time:       891 |        891 |                                     rfc3986_validator
import time:       771 |        771 |                                     rfc3987_syntax
import time:       836 |        836 |                                     rfc3339_validator
import time:       784 |        784 |                                     webcolors
import time:       734 |        734 |                                     jsonpointer
import time:       838 |        838 |                                     uri_template
import time:       739 |        739 |                                     isoduration
import time:      1998 |      99131 |                                   jsonschema._format
import time:      3152 |       3152 |                                   jsonschema._types
import time:      3442 |       3442 |                                       referencing.jsonschema
import time:      2056 |       2056 |                                       jsonschema_specifications._core
import time:      2513 |       2513 |                                           importlib.resources._itertools
import time:      2536 |       5048 |                                         importlib.resources.readers
import time:      1622 |       6670 |                                       importlib.readers
import time:     25839 |      38006 |                                     jsonschema_specifications
import time:      3429 |       3429 |                                       fractions
import time:      2216 |       5644 |                                     jsonschema._keywords
import time:      1983 |       1983 |                                     jsonschema._legacy_keywords
import time:      1318 |       1318 |                                       jsonschema.protocols
import time:      1520 |       2837 |                                     jsonschema._typing
import time:      7873 |      56341 |                                   jsonschema.validators
import time:      1491 |     160113 |                                 jsonschema
import time:      1607 |       1607 |                                     dateutil._version
import time:      1979 |       3585 |                                   dateutil
import time:      3493 |       3493 |                                     six
import time:      1033 |       1033 |                                       dateutil._common
import time:      1259 |       2292 |                                     dateutil.relativedelta
import time:       101 |        101 |                                         six.moves
import time:      1788 |       1788 |                                         dateutil.tz._common
import time:      2237 |       2237 |                                         dateutil.tz._factories
import time:      3577 |       3577 |                                         dateutil.tz.win
import time:      3183 |      10885 |                                       dateutil.tz.tz
import time:      1966 |      12850 |                                     dateutil.tz
import time:      2271 |      20904 |                                   dateutil.parser._parser
import time:      2555 |       2555 |                                   dateutil.parser.isoparser
import time:      2074 |      29118 |                                 dateutil.parser
import time:      2721 |       2721 |                                           mashumaro.core
import time:      2470 |       5190 |                                         mashumaro.core.meta
import time:      2459 |       2459 |                                         mashumaro.core.const
import time:      4699 |       4699 |                                           mashumaro.types
import time:      2325 |       7023 |                                         mashumaro.dialect
import time:      3005 |      17676 |                                       mashumaro.core.meta.helpers
import time:      4106 |      21782 |                                     mashumaro.exceptions
import time:      3180 |       3180 |                                     mashumaro.helper
import time:      2514 |       2514 |                                       mashumaro.mixins
import time:      2164 |       2164 |                                           mashumaro.core.meta.code
import time:      2442 |       2442 |                                           mashumaro.config
import time:      2229 |       2229 |                                           mashumaro.core.helpers
import time:      2293 |       2293 |                                           mashumaro.core.meta.code.lines
import time:      2435 |       2435 |                                             mashumaro.core.meta.types
import time:      6516 |       8950 |                                           mashumaro.core.meta.types.common
import time:      2719 |       2719 |                                                 sysconfig
import time:      2475 |       5193 |                                               zoneinfo._tzpath
import time:      1391 |       1391 |                                               zoneinfo._common
import time:      1405 |       1405 |                                               _zoneinfo
import time:      2382 |      10370 |                                             zoneinfo
import time:      2459 |      12829 |                                           mashumaro.core.meta.types.pack
import time:       588 |        588 |                                             ciso8601
import time:       504 |        504 |                                             pendulum
import time:      1517 |       2609 |                                           mashumaro.core.meta.types.unpack
import time:      3664 |      37178 |                                         mashumaro.core.meta.code.builder
import time:      2201 |      39378 |                                       mashumaro.core.meta.mixin
import time:      2797 |      44689 |                                     mashumaro.mixins.dict
import time:      3070 |      72718 |                                   mashumaro
import time:        45 |      72763 |                                 mashumaro.config
import time:      7201 |       7201 |                                     mashumaro.jsonschema.dialects
import time:       596 |        596 |                                         orjson
import time:      1737 |       2332 |                                       mashumaro.mixins.orjson
import time:      1678 |       1678 |                                       mashumaro.mixins.json
import time:     37854 |      41863 |                                     mashumaro.jsonschema.models
import time:      5594 |       5594 |                                       mashumaro.jsonschema.annotations
import time:       573 |        573 |                                         orjson
import time:       841 |       1414 |                                       mashumaro.mixins.orjson
import time:     18097 |      25104 |                                     mashumaro.jsonschema.schema
import time:       567 |        567 |                                       orjson
import time:      1578 |       2144 |                                     mashumaro.mixins.orjson
import time:      5071 |      81381 |                                   mashumaro.jsonschema.builder
import time:      1716 |      83097 |                                 mashumaro.jsonschema
import time:      1155 |       1155 |                                     msgpack.exceptions
import time:      1062 |       1062 |                                     msgpack.ext
import time:      1396 |       1396 |                                     msgpack._cmsgpack
import time:      1365 |       4976 |                                   msgpack
import time:      1397 |       6373 |                                 mashumaro.mixins.msgpack
import time:      2859 |     354320 |                               dbt_common.dataclass_schema
import time:      1311 |     356451 |                             dbt_common.exceptions.base
import time:       946 |        946 |                             dbt_common.exceptions.events
import time:       937 |        937 |                             dbt_common.exceptions.macros
import time:       858 |        858 |                             dbt_common.exceptions.contracts
import time:      1573 |       1573 |                             dbt_common.exceptions.connection
import time:      1595 |       1595 |                             dbt_common.exceptions.system
import time:      1225 |       1225 |                             dbt_common.exceptions.jinja
import time:      1096 |     364678 |                           dbt_common.exceptions
import time:      1014 |     365692 |                         dbt_common.utils.dict
import time:       973 |        973 |                             concurrent
import time:      1560 |       1560 |                             concurrent.futures._base
import time:      1264 |       3797 |                           concurrent.futures
import time:        47 |         47 |                               _contextvars
import time:       962 |       1008 |                             contextvars
import time:      1963 |       1963 |                             dbt_common.record
import time:       980 |       3950 |                           dbt_common.context
import time:      1036 |       1036 |                           concurrent.futures.thread
import time:      1010 |       9791 |                         dbt_common.utils.executor
import time:       872 |        872 |                         dbt_common.utils.jinja
import time:      1005 |     428326 |                       dbt_common.utils
import time:        26 |     428352 |                     dbt_common.utils.encoding
import time:      2010 |     465140 |                   dbt_common.events.logger
import time:      6776 |       6776 |                   dbt_common.helper_types
import time:      1231 |     474684 |                 dbt_common.events.event_manager
import time:      1066 |     475749 |               dbt_common.events.event_manager_client
import time:      1036 |       1036 |                 dbt_common.events.types
import time:      1246 |       2281 |               dbt_common.events.functions
import time:      1629 |     553967 |             dbt_common.events
import time:        41 |     554008 |           dbt_common.events.functions
import time:      1270 |       1270 |             dbt.adapters.events
import time:      1582 |       1582 |                   google.protobuf.struct_pb2
import time:      2288 |       3869 |                 dbtlabs.proto.public.v1.fields.adapter_types_pb2
import time:      1503 |       5372 |               dbt.adapters.events.adapter_types_pb2
import time:      1367 |       6738 |             dbt.adapters.events.base_types
import time:      1800 |       9808 |           dbt.adapters.events.types
import time:      1628 |     565443 |         dbt.adapters.base.meta
import time:      1668 |       1668 |         dbt.adapters.base.column
import time:      1212 |       1212 |                   signal
import time:      1235 |       2447 |                 multiprocessing.process
import time:      1052 |       1052 |                 multiprocessing.reduction
import time:      1388 |       4886 |               multiprocessing.context
import time:      1175 |       6060 |             multiprocessing
import time:        30 |       6089 |           multiprocessing.context
import time:      1463 |       1463 |             _multiprocessing
import time:      1016 |       1016 |                 fcntl
import time:      2318 |       3333 |               subprocess
import time:      1110 |       4443 |             multiprocessing.util
import time:      1044 |       6949 |           multiprocessing.synchronize
import time:      1941 |       1941 |           dbt_common.events.contextvars
import time:      1200 |       1200 |               dbt.adapters.clients
import time:      1100 |       1100 |                 dbt_common.clients
import time:      1945 |       1945 |                 jinja2.ext
import time:      1123 |       1123 |                 jinja2.nativetypes
import time:      1173 |       1173 |                 jinja2.sandbox
import time:       775 |        775 |                 dbt_common.tests
import time:      2803 |       2803 |                 dbt_common.clients._jinja_blocks
import time:      2360 |      11277 |               dbt_common.clients.jinja
import time:      1600 |      14075 |             dbt.adapters.clients.jinja
import time:      1020 |       1020 |               dbt.adapters.contracts
import time:       974 |        974 |                 dbt_common.contracts
import time:      1113 |       2087 |               dbt_common.contracts.util
import time:      1071 |       1071 |                   dbt.adapters.exceptions.alias
import time:       934 |        934 |                   dbt.adapters.exceptions.cache
import time:      1758 |       1758 |                   dbt.adapters.exceptions.compilation
import time:      1013 |       1013 |                   dbt.adapters.exceptions.connection
import time:       907 |        907 |                   dbt.adapters.exceptions.database
import time:       986 |       6666 |                 dbt.adapters.exceptions
import time:       917 |       7583 |               dbt.adapters.utils
import time:      7354 |      18043 |             dbt.adapters.contracts.connection
import time:      1329 |      33446 |           dbt.adapters.base.query_headers
import time:       889 |        889 |             dbt_common.events.event_handler
import time:      1374 |       2262 |           dbt.adapters.events.logging
import time:      1311 |      51998 |         dbt.adapters.base.connections
import time:      1076 |       1076 |             pytz.exceptions
import time:      1241 |       1241 |             pytz.lazy
import time:      1165 |       1165 |             pytz.tzinfo
import time:       936 |        936 |             pytz.tzfile
import time:      1918 |       6334 |           pytz
import time:       658 |        658 |                   dbt.adapters.record.cursor
import time:      4008 |       4008 |                   dbt.adapters.record.cursor.description
import time:      4074 |       4074 |                     dbt.adapters.record.cursor.fetchall
import time:      3693 |       7767 |                   dbt.adapters.record.cursor.execute
import time:      4173 |       4173 |                   dbt.adapters.record.cursor.fetchone
import time:      1941 |       1941 |                   dbt.adapters.record.cursor.fetchmany
import time:      4096 |       4096 |                   dbt.adapters.record.cursor.rowcount
import time:      2891 |      25531 |                 dbt.adapters.record.cursor.cursor
import time:      1427 |      26958 |               dbt.adapters.record.handle
import time:      1004 |      27961 |             dbt.adapters.record
import time:      1912 |       1912 |             dbt.adapters.record.serialization
import time:     13210 |      43082 |           dbt.adapters.record.base
import time:      2080 |       2080 |           dbt_common.behavior_flags
import time:      8214 |       8214 |           dbt_common.contracts.constraints
import time:      2277 |       2277 |             dbt_common.utils.formatting
import time:     19589 |      21865 |           dbt_common.contracts.metadata
import time:      1689 |       1689 |                 dbt_common.contracts.config
import time:      2533 |       4221 |               dbt_common.contracts.config.materialization
import time:      8806 |      13027 |             dbt.adapters.contracts.relation
import time:      1906 |       1906 |               dbt.adapters.relation_configs.config_base
import time:      1752 |       1752 |               dbt.adapters.relation_configs.config_change
import time:      2054 |       2054 |               dbt.adapters.relation_configs.config_validation
import time:      1490 |       7201 |             dbt.adapters.relation_configs
import time:     10171 |      30397 |           dbt.adapters.base.relation
import time:      1118 |       1118 |             dbt.adapters.reference_keys
import time:      1470 |       2588 |           dbt.adapters.cache
import time:      3377 |       3377 |           dbt.adapters.capability
import time:      1962 |       1962 |               dbt.adapters.catalogs._exceptions
import time:      1523 |       1523 |               dbt.adapters.catalogs._integration
import time:      2160 |       5643 |             dbt.adapters.catalogs._client
import time:      1587 |       1587 |             dbt.adapters.catalogs._constants
import time:      2909 |      10138 |           dbt.adapters.catalogs
import time:      2041 |       2041 |           dbt.adapters.contracts.macros
import time:      3067 |       3067 |               dbt_common.contracts.config.metadata
import time:      6522 |       6522 |               dbt_common.contracts.config.properties
import time:      4951 |      14539 |             dbt_common.contracts.config.base
import time:      4818 |      19357 |           dbt.adapters.protocol
import time:     69505 |     218973 |         dbt.adapters.base.impl
import time:      2090 |       2090 |         dbt.adapters.base.plugin
import time:      1626 |     841796 |       dbt.adapters.base
import time:      1165 |       1165 |                       dbt.artifacts
import time:      1858 |       1858 |                         dbt.artifacts.resources.types
import time:      8368 |      10226 |                       dbt.artifacts.resources.base
import time:       440 |        440 |                         dbt.artifacts.resources.v1
import time:      2674 |       2674 |                             dbt.hooks
import time:       880 |        880 |                               dbt.artifacts.utils
import time:      2820 |       3700 |                             dbt.artifacts.utils.validation
import time:     11852 |      18226 |                           dbt.artifacts.resources.v1.config
import time:      2372 |       2372 |                             dbt_semantic_interfaces
import time:      2059 |       2059 |                               dbt_semantic_interfaces.enum_extension
import time:      2129 |       4187 |                             dbt_semantic_interfaces.type_enums.aggregation_type
import time:      2725 |       2725 |                             dbt_semantic_interfaces.type_enums.conversion_calculation_type
import time:      2668 |       2668 |                               dbt_semantic_interfaces.type_enums.time_granularity
import time:      2502 |       5169 |                             dbt_semantic_interfaces.type_enums.date_part
import time:      2209 |       2209 |                             dbt_semantic_interfaces.type_enums.dimension_type
import time:      2584 |       2584 |                             dbt_semantic_interfaces.type_enums.entity_type
import time:      2609 |       2609 |                             dbt_semantic_interfaces.type_enums.metric_type
import time:      2329 |       2329 |                             dbt_semantic_interfaces.type_enums.period_agg
import time:      2088 |       2088 |                             dbt_semantic_interfaces.type_enums.semantic_manifest_node_type
import time:      2428 |      28698 |                           dbt_semantic_interfaces.type_enums
import time:     31669 |      78592 |                         dbt.artifacts.resources.v1.components
import time:      4117 |      83148 |                       dbt.artifacts.resources.v1.analysis
import time:      6102 |       6102 |                       dbt.artifacts.resources.v1.catalog
import time:      5314 |       5314 |                       dbt.artifacts.resources.v1.documentation
import time:      4507 |       4507 |                         dbt.artifacts.resources.v1.owner
import time:      6014 |      10521 |                       dbt.artifacts.resources.v1.exposure
import time:     12435 |      12435 |                       dbt.artifacts.resources.v1.function
import time:      5583 |       5583 |                       dbt.artifacts.resources.v1.generic_test
import time:      4643 |       4643 |                       dbt.artifacts.resources.v1.group
import time:      5446 |       5446 |                       dbt.artifacts.resources.v1.hook
import time:      6876 |       6876 |                       dbt.artifacts.resources.v1.macro
import time:       890 |        890 |                                     dbt_semantic_interfaces.implementations
import time:       844 |        844 |                                         dbt_semantic_interfaces.parsing
import time:      1032 |       1032 |                                           yaml.error
import time:      1100 |       1100 |                                           yaml.tokens
import time:      1032 |       1032 |                                           yaml.events
import time:       951 |        951 |                                           yaml.nodes
import time:      5072 |       5072 |                                             yaml.reader
import time:      1136 |       1136 |                                             yaml.scanner
import time:      1613 |       1613 |                                             yaml.parser
import time:      2507 |       2507 |                                             yaml.composer
import time:      4347 |       4347 |                                             yaml.constructor
import time:      2342 |       2342 |                                             yaml.resolver
import time:      1103 |      18117 |                                           yaml.loader
import time:      1066 |       1066 |                                             yaml.emitter
import time:       875 |        875 |                                             yaml.serializer
import time:      1020 |       1020 |                                             yaml.representer
import time:       966 |       3925 |                                           yaml.dumper
import time:      1298 |       1298 |                                             yaml._yaml
import time:      1020 |       2318 |                                           yaml.cyaml
import time:      1544 |      30015 |                                         yaml
import time:      1110 |      31968 |                                       dbt_semantic_interfaces.parsing.yaml_loader
import time:       954 |      32921 |                                     dbt_semantic_interfaces.errors
import time:      2139 |       2139 |                                                   pydantic_core._pydantic_core
import time:      3462 |       3462 |                                                             _ssl
import time:      4108 |       7570 |                                                           ssl
import time:      1459 |       1459 |                                                           asyncio.constants
import time:      1244 |       1244 |                                                           asyncio.coroutines
import time:      1250 |       1250 |                                                             asyncio.format_helpers
import time:      1623 |       1623 |                                                               asyncio.base_futures
import time:      1307 |       1307 |                                                               asyncio.exceptions
import time:      2968 |       2968 |                                                               asyncio.base_tasks
import time:      1764 |       7660 |                                                             _asyncio
import time:      1772 |      10682 |                                                           asyncio.events
import time:      1371 |       1371 |                                                           asyncio.futures
import time:      1019 |       1019 |                                                           asyncio.protocols
import time:      1681 |       1681 |                                                             asyncio.transports
import time:      1749 |       1749 |                                                             asyncio.log
import time:      1870 |       5299 |                                                           asyncio.sslproto
import time:      1486 |       1486 |                                                               asyncio.mixins
import time:      1745 |       3230 |                                                             asyncio.locks
import time:      1697 |       1697 |                                                               asyncio.timeouts
import time:      1735 |       3431 |                                                             asyncio.tasks
import time:      1533 |       8193 |                                                           asyncio.staggered
import time:      1180 |       1180 |                                                           asyncio.trsock
import time:      2185 |      40198 |                                                         asyncio.base_events
import time:      2109 |       2109 |                                                         asyncio.runners
import time:      2312 |       2312 |                                                         asyncio.queues
import time:      2141 |       2141 |                                                         asyncio.streams
import time:      1832 |       1832 |                                                         asyncio.subprocess
import time:      1685 |       1685 |                                                         asyncio.taskgroups
import time:      1364 |       1364 |                                                         asyncio.threads
import time:      2111 |       2111 |                                                           _overlapped
import time:      1249 |       1249 |                                                           asyncio.base_subprocess
import time:      1338 |       1338 |                                                           asyncio.proactor_events
import time:      1434 |       1434 |                                                           asyncio.selector_events
import time:      1191 |       1191 |                                                           asyncio.windows_utils
import time:      1873 |       9194 |                                                         asyncio.windows_events
import time:      2142 |      62974 |                                                       asyncio
import time:        43 |      63017 |                                                     asyncio.coroutines
import time:     14125 |      77141 |                                                   pydantic_core.core_schema
import time:      4329 |      83608 |                                                 pydantic_core
import time:       927 |      84535 |                                               pydantic.version
import time:      1110 |      85644 |                                             pydantic.warnings
import time:      1703 |      87346 |                                           pydantic._migration
import time:      2095 |       2095 |                                               typing_inspection
import time:      5218 |       5218 |                                               typing_inspection.typing_objects
import time:      2769 |      10081 |                                             typing_inspection.introspection
import time:      1642 |       1642 |                                             pydantic._internal
import time:      2177 |       2177 |                                                 pydantic._internal._namespace_utils
import time:      2034 |       4210 |                                               pydantic._internal._typing_extra
import time:      1834 |       6043 |                                             pydantic._internal._repr
import time:     13598 |      31363 |                                           pydantic.errors
import time:      1449 |     120158 |                                         pydantic
import time:      1654 |       1654 |                                               pydantic.v1.typing
import time:      3147 |       4800 |                                             pydantic.v1.errors
import time:      1537 |       1537 |                                                 cython
import time:      2202 |       3738 |                                               pydantic.v1.version
import time:      3007 |       6744 |                                             pydantic.v1.utils
import time:      1591 |      13134 |                                           pydantic.v1.class_validators
import time:      2617 |       2617 |                                           pydantic.v1.config
import time:      2131 |       2131 |                                                 colorsys
import time:      3218 |       5348 |                                               pydantic.v1.color
import time:      3244 |       3244 |                                                   pydantic.v1.datetime_parse
import time:      2128 |       5371 |                                                 pydantic.v1.validators
import time:      3046 |       8416 |                                               pydantic.v1.networks
import time:      3196 |       3196 |                                               pydantic.v1.types
import time:      2033 |      18992 |                                             pydantic.v1.json
import time:      2008 |      21000 |                                           pydantic.v1.error_wrappers
import time:      1643 |       1643 |                                           pydantic.v1.fields
import time:      1015 |       1015 |                                             pydantic.v1.parse
import time:      1640 |       1640 |                                             pydantic.v1.schema
import time:      4095 |       6750 |                                           pydantic.v1.main
import time:      2524 |      47666 |                                         pydantic.v1.dataclasses
import time:      1620 |       1620 |                                         pydantic.v1.annotated_types
import time:      2655 |       2655 |                                         pydantic.v1.decorator
import time:      4173 |       4173 |                                         pydantic.v1.env_settings
import time:      2730 |       2730 |                                         pydantic.v1.tools
import time:      2236 |     181235 |                                       pydantic.v1
import time:      3711 |     184946 |                                     dsi_pydantic_shim
import time:      2682 |     221438 |                                   dbt_semantic_interfaces.implementations.base
import time:       875 |     222313 |                                 dbt_semantic_interfaces.pretty_print
import time:      2814 |     225126 |                               dbt_semantic_interfaces.dataclass_serialization
import time:     13036 |     238162 |                             dbt_semantic_interfaces.references
import time:      3506 |     241667 |                           dbt_semantic_interfaces.call_parameter_sets
import time:       390 |        390 |                             dbt_semantic_interfaces.parsing.where_filter
import time:      1372 |       1372 |                               dbt_semantic_interfaces.parsing.text_input
import time:      2295 |       2295 |                                 dbt_semantic_interfaces.naming
import time:      2097 |       2097 |                                 dbt_semantic_interfaces.naming.keywords
import time:      4627 |       9018 |                               dbt_semantic_interfaces.naming.dundered
import time:      5207 |      15596 |                             dbt_semantic_interfaces.parsing.text_input.ti_description
import time:      1784 |       1784 |                                 dbt_semantic_interfaces.parsing.text_input.ti_exceptions
import time:      1815 |       1815 |                                 dbt_semantic_interfaces.parsing.text_input.valid_method
import time:      2107 |       5705 |                               dbt_semantic_interfaces.parsing.text_input.rendering_helper
import time:      2632 |       8336 |                             dbt_semantic_interfaces.parsing.text_input.ti_processor
import time:      1569 |       1569 |                             dbt_semantic_interfaces.parsing.where_filter.parameter_set_factory
import time:      1961 |      27849 |                           dbt_semantic_interfaces.parsing.where_filter.jinja_object_parser
import time:      9035 |     278550 |                         dbt.artifacts.resources.v1.semantic_layer_components
import time:     15157 |     293707 |                       dbt.artifacts.resources.v1.metric
import time:     11819 |      11819 |                       dbt.artifacts.resources.v1.model
import time:      1128 |       1128 |                         dbt_semantic_interfaces.type_enums.export_destination_type
import time:     10798 |      11926 |                       dbt.artifacts.resources.v1.saved_query
import time:     10883 |      10883 |                       dbt.artifacts.resources.v1.seed
import time:     22788 |      22788 |                       dbt.artifacts.resources.v1.semantic_model
import time:      6402 |       6402 |                       dbt.artifacts.resources.v1.singular_test
import time:      8746 |       8746 |                       dbt.artifacts.resources.v1.snapshot
import time:     13238 |      13238 |                       dbt.artifacts.resources.v1.source_definition
import time:      4700 |       4700 |                       dbt.artifacts.resources.v1.sql_operation
import time:     10151 |      10151 |                       dbt.artifacts.resources.v1.unit_test_definition
import time:      1891 |     547702 |                     dbt.artifacts.resources
import time:        37 |     547739 |                   dbt.artifacts.resources.types
import time:      1190 |     548928 |                 dbt.node_types
import time:      2480 |     551408 |               dbt.exceptions
import time:      1161 |       1161 |                 dbt.adapters.duckdb.constants
import time:      2548 |       2548 |                   dbt.adapters.duckdb.secrets
import time:      9072 |      11620 |                 dbt.adapters.duckdb.credentials
import time:      2330 |       2330 |                   dbt.adapters.duckdb.utils
import time:      2791 |       5120 |                 dbt.adapters.duckdb.plugins
import time:      2058 |      19958 |               dbt.adapters.duckdb.environments
import time:      1465 |       1465 |                 dbt.adapters.sql.connections
import time:      1354 |       1354 |                 dbt.adapters.sql.impl
import time:      1246 |       4064 |               dbt.adapters.sql
import time:      1238 |     576666 |             dbt.adapters.duckdb.connections
import time:      1447 |       1447 |                 packaging
import time:      3506 |       4953 |               packaging.version
import time:      1742 |       1742 |               dbt.adapters.duckdb.column
import time:      3714 |       3714 |               dbt.adapters.duckdb.relation
import time:      5256 |      15663 |             dbt.adapters.duckdb.impl
import time:      1952 |       1952 |             dbt.include
import time:      1697 |       1697 |             dbt.include.duckdb
import time:      1152 |     597129 |           dbt.adapters.duckdb
import time:        36 |     597165 |         dbt.adapters.duckdb.credentials
import time:      3983 |     601147 |       dbt.adapters.duckrun.credentials
import time:      3404 |       3404 |               deltalake._internal
import time:       751 |        751 |                   arro3
import time:      2360 |       2360 |                   arro3.core._core
import time:      1271 |       4382 |                 arro3.core
import time:       127 |        127 |                     array
import time:        61 |         61 |                     mmap
import time:      1347 |       1535 |                   arro3.core.types
import time:      1056 |       1056 |                   deltalake._util
import time:       994 |        994 |                   deltalake.exceptions
import time:      1151 |       1151 |                   deltalake.schema
import time:      1142 |       1142 |                         deltalake.writer._utils
import time:      1250 |       2392 |                       deltalake.writer.convert_to
import time:      2142 |       2142 |                       deltalake.writer.properties
import time:      1186 |       1186 |                         deltalake.writer._conversion
import time:      1500 |       2685 |                       deltalake.writer.writer
import time:      1140 |       8357 |                     deltalake.writer
import time:        38 |       8394 |                   deltalake.writer._conversion
import time:      2590 |      15719 |                 deltalake.table
import time:      1177 |      21277 |               deltalake.query
import time:      2778 |       2778 |               deltalake.transaction
import time:      1550 |      29007 |             deltalake
import time:      1196 |      30203 |           dbt.adapters.duckrun.engine
import time:      4134 |      34336 |         dbt.adapters.duckrun.delta_dml
import time:      1408 |       1408 |           dbt.adapters.duckrun.secret
import time:      1711 |       3119 |         dbt.adapters.duckrun.remote
import time:      2370 |       2370 |           dbt.adapters.duckdb.environments.local
import time:      1308 |       3678 |         dbt.adapters.duckrun.environment
import time:      1732 |      42863 |       dbt.adapters.duckrun.impl
import time:      1313 |       1313 |       dbt.adapters.duckrun.__version__
import time:      2062 |       2062 |       dbt.include.duckrun
import time:      2807 |    1498856 |     dbt.adapters.duckrun
import time:      1172 |       1172 |     duckrun.auth
import time:      1471 |       1471 |     duckrun._runtime
import time:     36051 |    1706060 |   duckrun.session
import time:      1449 |       1449 |   duckrun.delta_table
import time:      1713 |    1709220 | duckrun
